<?xml version="1.0" encoding="UTF-8"?>
<testng-results skipped="0" failed="0" total="6" passed="6">
  <reporter-output>
  </reporter-output>
  <suite name="Suite1" duration-ms="251090" started-at="2014-09-26T08:15:11Z" finished-at="2014-09-26T08:19:22Z">
    <groups>
    </groups>
    <test name="HeaderLinkin" duration-ms="59926" started-at="2014-09-26T08:15:11Z" finished-at="2014-09-26T08:16:11Z">
      <class name="TestClasses.HeaderLinks">
        <test-method status="PASS" signature="f1()[pri:0, instance:TestClasses.HeaderLinks@c91629]" name="f1" is-config="true" duration-ms="11776" started-at="2014-09-26T13:45:11Z" finished-at="2014-09-26T13:45:23Z">
          <reporter-output>
          </reporter-output>
        </test-method> <!-- f1 -->
        <test-method status="PASS" signature="Test1()[pri:0, instance:TestClasses.HeaderLinks@c91629]" name="Test1" duration-ms="48127" started-at="2014-09-26T13:45:23Z" finished-at="2014-09-26T13:46:11Z">
          <reporter-output>
          </reporter-output>
        </test-method> <!-- Test1 -->
      </class> <!-- TestClasses.HeaderLinks -->
    </test> <!-- HeaderLinkin -->
    <test name="FooterLinks" duration-ms="72647" started-at="2014-09-26T08:16:11Z" finished-at="2014-09-26T08:17:24Z">
      <class name="TestClasses.FooterLinks">
        <test-method status="PASS" signature="f1()[pri:0, instance:TestClasses.FooterLinks@15e8a8f]" name="f1" is-config="true" duration-ms="9581" started-at="2014-09-26T13:46:11Z" finished-at="2014-09-26T13:46:21Z">
          <reporter-output>
          </reporter-output>
        </test-method> <!-- f1 -->
        <test-method status="PASS" signature="f()[pri:0, instance:TestClasses.FooterLinks@15e8a8f]" name="f" duration-ms="63066" started-at="2014-09-26T13:46:21Z" finished-at="2014-09-26T13:47:24Z">
          <reporter-output>
          </reporter-output>
        </test-method> <!-- f -->
      </class> <!-- TestClasses.FooterLinks -->
    </test> <!-- FooterLinks -->
    <test name="usersignin" duration-ms="12565" started-at="2014-09-26T08:17:24Z" finished-at="2014-09-26T08:17:36Z">
      <class name="TestClasses.UserLogin">
        <test-method status="PASS" signature="f1()[pri:0, instance:TestClasses.UserLogin@1a5b7b4]" name="f1" is-config="true" duration-ms="9674" started-at="2014-09-26T13:47:24Z" finished-at="2014-09-26T13:47:34Z">
          <reporter-output>
          </reporter-output>
        </test-method> <!-- f1 -->
        <test-method status="PASS" signature="f()[pri:0, instance:TestClasses.UserLogin@1a5b7b4]" name="f" duration-ms="2891" started-at="2014-09-26T13:47:34Z" finished-at="2014-09-26T13:47:36Z">
          <reporter-output>
          </reporter-output>
        </test-method> <!-- f -->
      </class> <!-- TestClasses.UserLogin -->
    </test> <!-- usersignin -->
    <test name="Datafrom xls" duration-ms="26954" started-at="2014-09-26T08:17:37Z" finished-at="2014-09-26T08:18:03Z">
      <class name="TestClasses.EnteringDataFromxls">
        <test-method status="PASS" signature="f1()[pri:0, instance:TestClasses.EnteringDataFromxls@1f5e4b6]" name="f1" is-config="true" duration-ms="8902" started-at="2014-09-26T13:47:37Z" finished-at="2014-09-26T13:47:45Z">
          <reporter-output>
          </reporter-output>
        </test-method> <!-- f1 -->
        <test-method status="PASS" signature="Test4()[pri:0, instance:TestClasses.EnteringDataFromxls@1f5e4b6]" name="Test4" duration-ms="18049" started-at="2014-09-26T13:47:45Z" finished-at="2014-09-26T13:48:03Z">
          <reporter-output>
          </reporter-output>
        </test-method> <!-- Test4 -->
      </class> <!-- TestClasses.EnteringDataFromxls -->
    </test> <!-- Datafrom xls -->
    <test name="sliderbar" duration-ms="49592" started-at="2014-09-26T08:18:04Z" finished-at="2014-09-26T08:18:53Z">
      <class name="TestClasses.SliderBarChecking">
        <test-method status="PASS" signature="f1()[pri:0, instance:TestClasses.SliderBarChecking@1016505]" name="f1" is-config="true" duration-ms="7553" started-at="2014-09-26T13:48:04Z" finished-at="2014-09-26T13:48:11Z">
          <reporter-output>
          </reporter-output>
        </test-method> <!-- f1 -->
        <test-method status="PASS" signature="Test5()[pri:0, instance:TestClasses.SliderBarChecking@1016505]" name="Test5" duration-ms="42038" started-at="2014-09-26T13:48:11Z" finished-at="2014-09-26T13:48:53Z">
          <reporter-output>
          </reporter-output>
        </test-method> <!-- Test5 -->
      </class> <!-- TestClasses.SliderBarChecking -->
    </test> <!-- sliderbar -->
    <test name="SwappingRupees" duration-ms="29155" started-at="2014-09-26T08:18:53Z" finished-at="2014-09-26T08:19:22Z">
      <class name="TestClasses.SwappingRupees">
        <test-method status="PASS" signature="intialize()[pri:0, instance:TestClasses.SwappingRupees@6812d]" name="intialize" is-config="true" duration-ms="405" started-at="2014-09-26T13:45:11Z" finished-at="2014-09-26T13:45:11Z">
          <reporter-output>
          </reporter-output>
        </test-method> <!-- intialize -->
        <test-method status="PASS" signature="f1()[pri:0, instance:TestClasses.SwappingRupees@6812d]" name="f1" is-config="true" duration-ms="21896" started-at="2014-09-26T13:48:53Z" finished-at="2014-09-26T13:49:15Z">
          <reporter-output>
          </reporter-output>
        </test-method> <!-- f1 -->
        <test-method status="PASS" signature="Test6()[pri:0, instance:TestClasses.SwappingRupees@6812d]" name="Test6" duration-ms="7259" started-at="2014-09-26T13:49:15Z" finished-at="2014-09-26T13:49:22Z">
          <reporter-output>
          </reporter-output>
        </test-method> <!-- Test6 -->
      </class> <!-- TestClasses.SwappingRupees -->
    </test> <!-- SwappingRupees -->
  </suite> <!-- Suite1 -->
</testng-results>
